<?xml version="1.0" encoding="UTF-8"?>
<!-- Generated by org.testng.reporters.JUnitXMLReporter -->
<testsuite hostname="DESKTOP-BI4Q5AH" ignored="0" name="Default test" tests="4" failures="0" timestamp="11 Jul 2019 22:16:42 GMT" time="0.817" errors="0">
  <testcase name="canSelectAllUsers" time="0.299" classname="daotest.UserDAOTest"/>
  <testcase name="canSelectUserById" time="0.119" classname="daotest.UserDAOTest"/>
  <testcase name="canSelectUserByUsername" time="0.061" classname="daotest.UserDAOTest"/>
  <testcase name="canUpdateUser" time="0.258" classname="daotest.UserDAOTest"/>
</testsuite> <!-- Default test -->
