<?xml version="1.0" encoding="UTF-8"?>
<testng-results skipped="0" failed="2" ignored="0" total="6" passed="4">
  <reporter-output>
  </reporter-output>
  <suite name="Default suite" duration-ms="2110" started-at="2019-07-12T00:33:21Z" finished-at="2019-07-12T00:33:23Z">
    <groups>
    </groups>
    <test name="Default test" duration-ms="2110" started-at="2019-07-12T00:33:21Z" finished-at="2019-07-12T00:33:23Z">
      <class name="daotest.DishDAOTest">
        <test-method status="PASS" signature="setUp()[pri:0, instance:daotest.DishDAOTest@46d56d67]" name="setUp" is-config="true" duration-ms="5713" started-at="2019-07-12T00:33:15Z" finished-at="2019-07-12T00:33:21Z">
          <reporter-output>
          </reporter-output>
        </test-method> <!-- setUp -->
        <test-method status="PASS" signature="selectDishById()[pri:1, instance:daotest.DishDAOTest@46d56d67]" name="selectDishById" duration-ms="79" started-at="2019-07-12T00:33:21Z" finished-at="2019-07-12T00:33:21Z">
          <reporter-output>
          </reporter-output>
        </test-method> <!-- selectDishById -->
        <test-method status="PASS" signature="insertDish()[pri:2, instance:daotest.DishDAOTest@46d56d67]" name="insertDish" duration-ms="366" started-at="2019-07-12T00:33:21Z" finished-at="2019-07-12T00:33:21Z">
          <reporter-output>
          </reporter-output>
        </test-method> <!-- insertDish -->
        <test-method status="PASS" signature="updateDish()[pri:3, instance:daotest.DishDAOTest@46d56d67]" name="updateDish" duration-ms="829" started-at="2019-07-12T00:33:21Z" finished-at="2019-07-12T00:33:22Z">
          <reporter-output>
          </reporter-output>
        </test-method> <!-- updateDish -->
        <test-method status="FAIL" signature="selectAllDishes()[pri:4, instance:daotest.DishDAOTest@46d56d67]" name="selectAllDishes" duration-ms="319" started-at="2019-07-12T00:33:22Z" finished-at="2019-07-12T00:33:22Z">
          <exception class="java.lang.AssertionError">
            <message>
              <![CDATA[lists don't have the same size expected [2] but found [19]]]>
            </message>
            <full-stacktrace>
              <![CDATA[java.lang.AssertionError: lists don't have the same size expected [2] but found [19]
at org.testng.Assert.fail(Assert.java:96)
at org.testng.Assert.failNotEquals(Assert.java:776)
at org.testng.Assert.assertEqualsImpl(Assert.java:137)
at org.testng.Assert.assertEquals(Assert.java:118)
at org.testng.Assert.assertEquals(Assert.java:652)
at org.testng.Assert.assertEquals(Assert.java:819)
at org.testng.Assert.assertEquals(Assert.java:796)
at daotest.DishDAOTest.selectAllDishes(DishDAOTest.java:92)
at sun.reflect.NativeMethodAccessorImpl.invoke0(Native Method)
at sun.reflect.NativeMethodAccessorImpl.invoke(NativeMethodAccessorImpl.java:62)
at sun.reflect.DelegatingMethodAccessorImpl.invoke(DelegatingMethodAccessorImpl.java:43)
at java.lang.reflect.Method.invoke(Method.java:498)
at org.testng.internal.MethodInvocationHelper.invokeMethod(MethodInvocationHelper.java:124)
at org.testng.internal.Invoker.invokeMethod(Invoker.java:583)
at org.testng.internal.Invoker.invokeTestMethod(Invoker.java:719)
at org.testng.internal.Invoker.invokeTestMethods(Invoker.java:989)
at org.testng.internal.TestMethodWorker.invokeTestMethods(TestMethodWorker.java:125)
at org.testng.internal.TestMethodWorker.run(TestMethodWorker.java:109)
at org.testng.TestRunner.privateRun(TestRunner.java:648)
at org.testng.TestRunner.run(TestRunner.java:505)
at org.testng.SuiteRunner.runTest(SuiteRunner.java:455)
at org.testng.SuiteRunner.runSequentially(SuiteRunner.java:450)
at org.testng.SuiteRunner.privateRun(SuiteRunner.java:415)
at org.testng.SuiteRunner.run(SuiteRunner.java:364)
at org.testng.SuiteRunnerWorker.runSuite(SuiteRunnerWorker.java:52)
at org.testng.SuiteRunnerWorker.run(SuiteRunnerWorker.java:84)
at org.testng.TestNG.runSuitesSequentially(TestNG.java:1208)
at org.testng.TestNG.runSuitesLocally(TestNG.java:1137)
at org.testng.TestNG.runSuites(TestNG.java:1049)
at org.testng.TestNG.run(TestNG.java:1017)
at org.testng.remote.AbstractRemoteTestNG.run(AbstractRemoteTestNG.java:115)
at org.testng.remote.RemoteTestNG.initAndRun(RemoteTestNG.java:251)
at org.testng.remote.RemoteTestNG.main(RemoteTestNG.java:77)
]]>
            </full-stacktrace>
          </exception> <!-- java.lang.AssertionError -->
          <reporter-output>
          </reporter-output>
        </test-method> <!-- selectAllDishes -->
        <test-method status="FAIL" signature="selectDishesByTags()[pri:5, instance:daotest.DishDAOTest@46d56d67]" name="selectDishesByTags" duration-ms="279" started-at="2019-07-12T00:33:22Z" finished-at="2019-07-12T00:33:23Z">
          <exception class="java.lang.AssertionError">
            <message>
              <![CDATA[lists don't have the same size expected [1] but found [0]]]>
            </message>
            <full-stacktrace>
              <![CDATA[java.lang.AssertionError: lists don't have the same size expected [1] but found [0]
at org.testng.Assert.fail(Assert.java:96)
at org.testng.Assert.failNotEquals(Assert.java:776)
at org.testng.Assert.assertEqualsImpl(Assert.java:137)
at org.testng.Assert.assertEquals(Assert.java:118)
at org.testng.Assert.assertEquals(Assert.java:652)
at org.testng.Assert.assertEquals(Assert.java:819)
at org.testng.Assert.assertEquals(Assert.java:796)
at daotest.DishDAOTest.selectDishesByTags(DishDAOTest.java:101)
at sun.reflect.NativeMethodAccessorImpl.invoke0(Native Method)
at sun.reflect.NativeMethodAccessorImpl.invoke(NativeMethodAccessorImpl.java:62)
at sun.reflect.DelegatingMethodAccessorImpl.invoke(DelegatingMethodAccessorImpl.java:43)
at java.lang.reflect.Method.invoke(Method.java:498)
at org.testng.internal.MethodInvocationHelper.invokeMethod(MethodInvocationHelper.java:124)
at org.testng.internal.Invoker.invokeMethod(Invoker.java:583)
at org.testng.internal.Invoker.invokeTestMethod(Invoker.java:719)
at org.testng.internal.Invoker.invokeTestMethods(Invoker.java:989)
at org.testng.internal.TestMethodWorker.invokeTestMethods(TestMethodWorker.java:125)
at org.testng.internal.TestMethodWorker.run(TestMethodWorker.java:109)
at org.testng.TestRunner.privateRun(TestRunner.java:648)
at org.testng.TestRunner.run(TestRunner.java:505)
at org.testng.SuiteRunner.runTest(SuiteRunner.java:455)
at org.testng.SuiteRunner.runSequentially(SuiteRunner.java:450)
at org.testng.SuiteRunner.privateRun(SuiteRunner.java:415)
at org.testng.SuiteRunner.run(SuiteRunner.java:364)
at org.testng.SuiteRunnerWorker.runSuite(SuiteRunnerWorker.java:52)
at org.testng.SuiteRunnerWorker.run(SuiteRunnerWorker.java:84)
at org.testng.TestNG.runSuitesSequentially(TestNG.java:1208)
at org.testng.TestNG.runSuitesLocally(TestNG.java:1137)
at org.testng.TestNG.runSuites(TestNG.java:1049)
at org.testng.TestNG.run(TestNG.java:1017)
at org.testng.remote.AbstractRemoteTestNG.run(AbstractRemoteTestNG.java:115)
at org.testng.remote.RemoteTestNG.initAndRun(RemoteTestNG.java:251)
at org.testng.remote.RemoteTestNG.main(RemoteTestNG.java:77)
]]>
            </full-stacktrace>
          </exception> <!-- java.lang.AssertionError -->
          <reporter-output>
          </reporter-output>
        </test-method> <!-- selectDishesByTags -->
        <test-method status="PASS" signature="deleteDishById()[pri:6, instance:daotest.DishDAOTest@46d56d67]" name="deleteDishById" duration-ms="212" started-at="2019-07-12T00:33:23Z" finished-at="2019-07-12T00:33:23Z">
          <reporter-output>
          </reporter-output>
        </test-method> <!-- deleteDishById -->
        <test-method status="PASS" signature="tearDown()[pri:0, instance:daotest.DishDAOTest@46d56d67]" name="tearDown" is-config="true" duration-ms="295" started-at="2019-07-12T00:33:23Z" finished-at="2019-07-12T00:33:23Z">
          <reporter-output>
          </reporter-output>
        </test-method> <!-- tearDown -->
      </class> <!-- daotest.DishDAOTest -->
    </test> <!-- Default test -->
  </suite> <!-- Default suite -->
</testng-results>
